#
# A fatal error has been detected by the Java Runtime Environment:
#
#  Internal Error (javaCalls.cpp:51), pid=19120, tid=0x00000000000040e0
#  guarantee(thread->is_Java_thread()) failed: crucial check - the VM thread cannot and must not escape to Java code
#
# JRE version: Java(TM) SE Runtime Environment (8.0_231-b11) (build 1.8.0_231-b11)
# Java VM: Java HotSpot(TM) 64-Bit Server VM (25.231-b11 mixed mode windows-amd64 compressed oops)
# Failed to write core dump. Minidumps are not enabled by default on client versions of Windows
#
# If you would like to submit a bug report, please visit:
#   http://bugreport.java.com/bugreport/crash.jsp
#

---------------  T H R E A D  ---------------

Current thread (0x000000001dad2800):  VMThread [stack: 0x000000001eb60000,0x000000001ec60000] [id=16608]

Stack: [0x000000001eb60000,0x000000001ec60000]
[error occurred during error reporting (printing stack bounds), id 0xc0000005]

Native frames: (J=compiled Java code, j=interpreted, Vv=VM code, C=native code)

VM_Operation (0x000000001f59f2f0): GetOrSetLocal, mode: safepoint, requested by thread 0x000000001db0b800


---------------  P R O C E S S  ---------------

Java Threads: ( => current thread )
  0x000000001dbf5000 JavaThread "Service Thread" daemon [_thread_blocked, id=18196, stack(0x000000001fba0000,0x000000001fca0000)]
  0x000000001dbeb800 JavaThread "C1 CompilerThread3" daemon [_thread_blocked, id=18360, stack(0x000000001faa0000,0x000000001fba0000)]
  0x000000001dbe8800 JavaThread "C2 CompilerThread2" daemon [_thread_blocked, id=8508, stack(0x000000001f9a0000,0x000000001faa0000)]
  0x000000001dbe4800 JavaThread "C2 CompilerThread1" daemon [_thread_blocked, id=21808, stack(0x000000001f8a0000,0x000000001f9a0000)]
  0x000000001dbfa800 JavaThread "C2 CompilerThread0" daemon [_thread_blocked, id=2584, stack(0x000000001f7a0000,0x000000001f8a0000)]
  0x000000001db1c800 JavaThread "JDWP Command Reader" daemon [_thread_in_native, id=21720, stack(0x000000001f6a0000,0x000000001f7a0000)]
  0x000000001db15800 JavaThread "JDWP Event Helper Thread" daemon [_thread_blocked, id=21788, stack(0x000000001f5a0000,0x000000001f6a0000)]
  0x000000001db0b800 JavaThread "JDWP Transport Listener: dt_socket" daemon [_thread_blocked, id=19296, stack(0x000000001f4a0000,0x000000001f5a0000)]
  0x000000001daff800 JavaThread "Attach Listener" daemon [_thread_blocked, id=20016, stack(0x000000001f060000,0x000000001f160000)]
  0x000000001dafc000 JavaThread "Signal Dispatcher" daemon [_thread_blocked, id=4468, stack(0x000000001ef60000,0x000000001f060000)]
  0x000000001daf3000 JavaThread "Finalizer" daemon [_thread_blocked, id=20108, stack(0x000000001ed60000,0x000000001ee60000)]
  0x000000001c41d800 JavaThread "Reference Handler" daemon [_thread_blocked, id=13068, stack(0x000000001ec60000,0x000000001ed60000)]
  0x00000000027a2800 JavaThread "main" [_thread_blocked, id=14628, stack(0x0000000002530000,0x0000000002630000)]

Other Threads:
=>0x000000001dad2800 VMThread [stack: 0x000000001eb60000,0x000000001ec60000] [id=16608]
  0x000000001dd67800 WatcherThread [stack: 0x000000001fca0000,0x000000001fda0000] [id=14588]

VM state:at safepoint (normal execution)

VM Mutex/Monitor currently owned by a thread:  ([mutex/lock_event])
[0x000000000066e220] Threads_lock - owner thread: 0x000000001dad2800

heap address: 0x00000006c3600000, size: 4042 MB, Compressed Oops mode: Zero based, Oop shift amount: 3
Narrow klass base: 0x0000000000000000, Narrow klass shift: 3
Compressed class space size: 1073741824 Address: 0x00000007c0000000

Heap:
 PSYoungGen      total 75776K, used 9144K [0x000000076bd00000, 0x0000000771180000, 0x00000007c0000000)
  eden space 65024K, 14% used [0x000000076bd00000,0x000000076c5ee1d0,0x000000076fc80000)
  from space 10752K, 0% used [0x0000000770700000,0x0000000770700000,0x0000000771180000)
  to   space 10752K, 0% used [0x000000076fc80000,0x000000076fc80000,0x0000000770700000)
 ParOldGen       total 173568K, used 0K [0x00000006c3600000, 0x00000006cdf80000, 0x000000076bd00000)
  object space 173568K, 0% used [0x00000006c3600000,0x00000006c3600000,0x00000006cdf80000)
 Metaspace       used 5200K, capacity 5298K, committed 5504K, reserved 1056768K
  class space    used 569K, capacity 593K, committed 640K, reserved 1048576K

Card table byte_map: [0x0000000011c60000,0x0000000012450000] byte_map_base: 0x000000000e645000

Marking Bits: (ParMarkBitMap*) 0x0000000076526d90
 Begin Bits: [0x00000000133a0000, 0x00000000172c8000)
 End Bits:   [0x00000000172c8000, 0x000000001b1f0000)

Polling page: 0x0000000000650000

CodeCache: size=245760Kb used=1494Kb max_used=1494Kb free=244265Kb
 bounds [0x00000000028a0000, 0x0000000002b10000, 0x00000000118a0000]
 total_blobs=431 nmethods=142 adapters=210
 compilation: enabled

Compilation events (10 events):
Event: 1.087 Thread 0x000000001dbeb800 nmethod 137 0x00000000029ff210 code [0x00000000029ff3c0, 0x00000000029ffa38]
Event: 1.087 Thread 0x000000001dbeb800  140       3       java.util.Properties::saveConvert (434 bytes)
Event: 1.091 Thread 0x000000001dbe8800 nmethod 135 0x0000000002a02fd0 code [0x0000000002a03140, 0x0000000002a03788]
Event: 1.098 Thread 0x000000001dbeb800 nmethod 140 0x0000000002a03ad0 code [0x0000000002a04640, 0x0000000002a0eaf8]
Event: 1.098 Thread 0x000000001dbeb800  139       1       java.util.Hashtable::access$500 (5 bytes)
Event: 1.098 Thread 0x000000001dbeb800 nmethod 139 0x0000000002a02d10 code [0x0000000002a02e60, 0x0000000002a02f50]
Event: 80.940 Thread 0x000000001dbeb800  141       3       org.eclipse.jdt.launching.internal.org.objectweb.asm.ClassReader::readUnsignedShort (26 bytes)
Event: 80.940 Thread 0x000000001dbeb800 nmethod 141 0x0000000002a02910 code [0x0000000002a02a60, 0x0000000002a02c10]
Event: 251.419 Thread 0x000000001dbeb800  142       3       org.eclipse.jdt.launching.internal.org.objectweb.asm.ClassReader::readUtf (44 bytes)
Event: 251.419 Thread 0x000000001dbeb800 nmethod 142 0x0000000002a01f50 code [0x0000000002a020e0, 0x0000000002a02588]

GC Heap History (0 events):
No events

Deoptimization events (0 events):
No events

Classes redefined (2 events):
Event: 80.942 Thread 0x000000001dad2800 redefined class name=algorithms.Algorithms, count=1
Event: 251.422 Thread 0x000000001dad2800 redefined class name=algorithms.Algorithms, count=2

Internal exceptions (6 events):
Event: 0.042 Thread 0x00000000027a2800 Exception <a 'java/lang/NoSuchMethodError': Method sun.misc.Unsafe.defineClass(Ljava/lang/String;[BII)Ljava/lang/Class; name or signature does not match> (0x000000076bd07cb8) thrown at [C:\re\workspace\8-2-build-windows-amd64-cygwin\jdk8u231\13620\hotspot
Event: 0.042 Thread 0x00000000027a2800 Exception <a 'java/lang/NoSuchMethodError': Method sun.misc.Unsafe.prefetchRead(Ljava/lang/Object;J)V name or signature does not match> (0x000000076bd07fa0) thrown at [C:\re\workspace\8-2-build-windows-amd64-cygwin\jdk8u231\13620\hotspot\src\share\vm\prim
Event: 1.068 Thread 0x000000001daff800 Exception <a 'java/security/PrivilegedActionException'> (0x000000076c506d98) thrown at [C:\re\workspace\8-2-build-windows-amd64-cygwin\jdk8u231\13620\hotspot\src\share\vm\prims\jvm.cpp, line 1502]
Event: 1.068 Thread 0x000000001daff800 Exception <a 'java/security/PrivilegedActionException'> (0x000000076c507190) thrown at [C:\re\workspace\8-2-build-windows-amd64-cygwin\jdk8u231\13620\hotspot\src\share\vm\prims\jvm.cpp, line 1502]
Event: 1.069 Thread 0x000000001daff800 Exception <a 'java/security/PrivilegedActionException'> (0x000000076c50afe8) thrown at [C:\re\workspace\8-2-build-windows-amd64-cygwin\jdk8u231\13620\hotspot\src\share\vm\prims\jvm.cpp, line 1502]
Event: 1.069 Thread 0x000000001daff800 Exception <a 'java/security/PrivilegedActionException'> (0x000000076c50b3e0) thrown at [C:\re\workspace\8-2-build-windows-amd64-cygwin\jdk8u231\13620\hotspot\src\share\vm\prims\jvm.cpp, line 1502]

Events (10 events):
Event: 251.473 Executing VM operation: ChangeBreakpoints done
Event: 251.546 Executing VM operation: ChangeBreakpoints
Event: 251.546 Executing VM operation: ChangeBreakpoints done
Event: 251.619 Executing VM operation: ChangeBreakpoints
Event: 251.619 Executing VM operation: ChangeBreakpoints done
Event: 251.677 Executing VM operation: GetOwnedMonitorInfo
Event: 251.677 Executing VM operation: GetOwnedMonitorInfo done
Event: 251.678 Executing VM operation: GetCurrentContendedMonitor
Event: 251.678 Executing VM operation: GetCurrentContendedMonitor done
Event: 277.212 Executing VM operation: GetOrSetLocal


Dynamic libraries:
0x00007ff7aefe0000 - 0x00007ff7af017000 	C:\Program Files\Java\jre1.8.0_231\bin\javaw.exe
0x00007ffb84c80000 - 0x00007ffb84e70000 	C:\Windows\SYSTEM32\ntdll.dll
0x00007ffb84490000 - 0x00007ffb84542000 	C:\Windows\System32\KERNEL32.DLL
0x00007ffb81de0000 - 0x00007ffb82084000 	C:\Windows\System32\KERNELBASE.dll
0x00007ffb830d0000 - 0x00007ffb83173000 	C:\Windows\System32\ADVAPI32.dll
0x00007ffb84710000 - 0x00007ffb847ae000 	C:\Windows\System32\msvcrt.dll
0x00007ffb84550000 - 0x00007ffb845e7000 	C:\Windows\System32\sechost.dll
0x00007ffb845f0000 - 0x00007ffb84710000 	C:\Windows\System32\RPCRT4.dll
0x00007ffb82eb0000 - 0x00007ffb83044000 	C:\Windows\System32\USER32.dll
0x00007ffb82d00000 - 0x00007ffb82d21000 	C:\Windows\System32\win32u.dll
0x00007ffb834c0000 - 0x00007ffb834e6000 	C:\Windows\System32\GDI32.dll
0x00007ffb82a90000 - 0x00007ffb82c26000 	C:\Windows\System32\gdi32full.dll
0x00007ffb82090000 - 0x00007ffb8212e000 	C:\Windows\System32\msvcp_win.dll
0x00007ffb82130000 - 0x00007ffb8222a000 	C:\Windows\System32\ucrtbase.dll
0x00007ffb68600000 - 0x00007ffb68884000 	C:\Windows\WinSxS\amd64_microsoft.windows.common-controls_6595b64144ccf1df_6.0.18362.959_none_e6c7bbbf130c62bb\COMCTL32.dll
0x00007ffb83180000 - 0x00007ffb834b5000 	C:\Windows\System32\combase.dll
0x00007ffb82230000 - 0x00007ffb822b0000 	C:\Windows\System32\bcryptPrimitives.dll
0x00007ffb82d40000 - 0x00007ffb82d6e000 	C:\Windows\System32\IMM32.DLL
0x00000000751b0000 - 0x0000000075282000 	C:\Program Files\Java\jre1.8.0_231\bin\msvcr100.dll
0x0000000075d00000 - 0x00000000765a6000 	C:\Program Files\Java\jre1.8.0_231\bin\server\jvm.dll
0x00007ffb82d30000 - 0x00007ffb82d38000 	C:\Windows\System32\PSAPI.DLL
0x00007ffb56290000 - 0x00007ffb56299000 	C:\Windows\SYSTEM32\WSOCK32.dll
0x00007ffb78b30000 - 0x00007ffb78b3a000 	C:\Windows\SYSTEM32\VERSION.dll
0x00007ffb7f630000 - 0x00007ffb7f654000 	C:\Windows\SYSTEM32\WINMM.dll
0x00007ffb83e70000 - 0x00007ffb83edf000 	C:\Windows\System32\WS2_32.dll
0x00007ffb7f480000 - 0x00007ffb7f4ad000 	C:\Windows\SYSTEM32\winmmbase.dll
0x00007ffb82a40000 - 0x00007ffb82a8a000 	C:\Windows\System32\cfgmgr32.dll
0x00007ffb7c340000 - 0x00007ffb7c34f000 	C:\Program Files\Java\jre1.8.0_231\bin\verify.dll
0x00007ffb71660000 - 0x00007ffb71689000 	C:\Program Files\Java\jre1.8.0_231\bin\java.dll
0x00007ffb63d70000 - 0x00007ffb63da5000 	C:\Program Files\Java\jre1.8.0_231\bin\jdwp.dll
0x00007ffb7af50000 - 0x00007ffb7af58000 	C:\Program Files\Java\jre1.8.0_231\bin\npt.dll
0x00007ffb714f0000 - 0x00007ffb71513000 	C:\Program Files\Java\jre1.8.0_231\bin\instrument.dll
0x00007ffb7af60000 - 0x00007ffb7af76000 	C:\Program Files\Java\jre1.8.0_231\bin\zip.dll
0x00007ffb834f0000 - 0x00007ffb83bd6000 	C:\Windows\System32\SHELL32.dll
0x00007ffb83be0000 - 0x00007ffb83c89000 	C:\Windows\System32\shcore.dll
0x00007ffb822b0000 - 0x00007ffb82a32000 	C:\Windows\System32\windows.storage.dll
0x00007ffb81bd0000 - 0x00007ffb81bf3000 	C:\Windows\System32\profapi.dll
0x00007ffb81b80000 - 0x00007ffb81bca000 	C:\Windows\System32\powrprof.dll
0x00007ffb81b30000 - 0x00007ffb81b40000 	C:\Windows\System32\UMPDC.dll
0x00007ffb84be0000 - 0x00007ffb84c32000 	C:\Windows\System32\shlwapi.dll
0x00007ffb81b40000 - 0x00007ffb81b51000 	C:\Windows\System32\kernel.appcore.dll
0x00007ffb82c30000 - 0x00007ffb82c47000 	C:\Windows\System32\cryptsp.dll
0x00007ffb7af40000 - 0x00007ffb7af49000 	C:\Program Files\Java\jre1.8.0_231\bin\dt_socket.dll
0x00007ffb4e4d0000 - 0x00007ffb4e4e6000 	C:\Windows\system32\napinsp.dll
0x00007ffb4e010000 - 0x00007ffb4e02a000 	C:\Windows\system32\pnrpnsp.dll
0x00007ffb813a0000 - 0x00007ffb81407000 	C:\Windows\System32\mswsock.dll
0x00007ffb810f0000 - 0x00007ffb811bb000 	C:\Windows\SYSTEM32\DNSAPI.dll
0x00007ffb84910000 - 0x00007ffb84918000 	C:\Windows\System32\NSI.dll
0x00007ffb810b0000 - 0x00007ffb810ea000 	C:\Windows\SYSTEM32\IPHLPAPI.DLL
0x00007ffb4e000000 - 0x00007ffb4e00e000 	C:\Windows\System32\winrnr.dll
0x00007ffb7f9c0000 - 0x00007ffb7f9dc000 	C:\Windows\system32\NLAapi.dll
0x00007ffb7ea70000 - 0x00007ffb7ea85000 	C:\Windows\system32\wshbth.dll
0x00007ffb7e8f0000 - 0x00007ffb7e967000 	C:\Windows\System32\fwpuclnt.dll
0x00007ffb81c00000 - 0x00007ffb81c26000 	C:\Windows\System32\bcrypt.dll
0x00007ffb7b450000 - 0x00007ffb7b45a000 	C:\Windows\System32\rasadhlp.dll

VM Arguments:
jvm_args: -agentlib:jdwp=transport=dt_socket,suspend=y,address=localhost:50869 -javaagent:C:\Users\SEWA\eclipse\jee-2020-062\eclipse\configuration\org.eclipse.osgi\413\0\.cp\lib\javaagent-shaded.jar -Dfile.encoding=Cp1252 
java_command: algorithms.Algorithms
java_class_path (initial): C:\Users\SEWA\eclipse-workspace\algorithms\target\classes;C:\Users\SEWA\eclipse\jee-2020-062\eclipse\configuration\org.eclipse.osgi\413\0\.cp\lib\javaagent-shaded.jar
Launcher Type: SUN_STANDARD

Environment Variables:
JAVA_HOME=C:\Program Files\Java\jdk-11.0.7
PATH=C:/Program Files/Java/jre1.8.0_231/bin/server;C:/Program Files/Java/jre1.8.0_231/bin;C:/Program Files/Java/jre1.8.0_231/lib/amd64;C:\Python27\;C:\Python27\Scripts;C:\Python38\Scripts\;C:\Python38\;C:\Program Files (x86)\Common Files\Oracle\Java\javapath;C:\Windows\system32;C:\Windows;C:\Windows\System32\Wbem;C:\Windows\System32\WindowsPowerShell\v1.0\;C:\Windows\System32\OpenSSH\;C:\Program Files (x86)\NVIDIA Corporation\PhysX\Common;C:\Program Files\OpenVPN\bin;C:\Program Files (x86)\Microsoft SQL Server\150\DTS\Binn\;C:\ProgramData\chocolatey\bin;C:\Program Files\nodejs\;C:\Program Files\Git\cmd;C:\Program Files (x86)\Yarn\bin\;C:\Program Files\Java\jdk-11.0.7\bin;C:\Program Files\apache-maven-3.6.3\bin;C:\Program Files\gradle-6.5\bin;C:\Users\SEWA\AppData\Local\Microsoft\WindowsApps;C:\Users\SEWA\AppData\Local\Programs\Microsoft VS Code\bin;C:\Users\SEWA\AppData\Roaming\npm;C:\Program Files\heroku\bin;C:\Users\SEWA\AppData\Local\Yarn\bin;C:\Program Files\JetBrains\IntelliJ IDEA 2020.1.2\bin;;;C:\Users\SEWA\Desktop;
USERNAME=sewa
OS=Windows_NT
PROCESSOR_IDENTIFIER=Intel64 Family 6 Model 158 Stepping 13, GenuineIntel



---------------  S Y S T E M  ---------------

OS: Windows 10.0 , 64 bit Build 18362 (10.0.18362.959)

CPU:total 12 (initial active 12) (6 cores per cpu, 2 threads per core) family 6 model 158 stepping 13, cmov, cx8, fxsr, mmx, sse, sse2, sse3, ssse3, sse4.1, sse4.2, popcnt, avx, avx2, aes, clmul, erms, rtm, 3dnowpref, lzcnt, ht, tsc, tscinvbit, bmi1, bmi2, adx

Memory: 4k page, physical 16554132k(4624220k free), swap 27564180k(6527852k free)

vm_info: Java HotSpot(TM) 64-Bit Server VM (25.231-b11) for windows-amd64 JRE (1.8.0_231-b11), built on Oct  5 2019 03:11:30 by "java_re" with MS VC++ 10.0 (VS2010)

time: Thu Aug 06 01:55:27 2020
timezone: Eastern Daylight Time
elapsed time: 277 seconds (0d 0h 4m 37s)

